13:11:02.560 [main] DEBUG com.joliciel.talismane.utils.ConfigUtils - Getting talismane.core.fr.pos-tagger.pos-tag-set
13:11:02.576 [main] INFO org.apache.commons.vfs2.impl.StandardFileSystemManager - Using "/tmp/vfs_cache" as temporary files store.
13:11:02.655 [main] DEBUG org.apache.commons.vfs2.impl.StandardFileSystemManager - Skipping provider "org.apache.commons.vfs2.provider.tar.TarFileProvider" because required class "org.apache.commons.compress.archivers.tar.TarArchiveOutputStream" is not available.
13:11:02.656 [main] DEBUG org.apache.commons.vfs2.impl.StandardFileSystemManager - Skipping provider "org.apache.commons.vfs2.provider.bzip2.Bzip2FileProvider" because required class "org.apache.commons.compress.compressors.bzip2.BZip2CompressorInputStream" is not available.
13:11:02.657 [main] DEBUG org.apache.commons.vfs2.impl.StandardFileSystemManager - Skipping provider "org.apache.commons.vfs2.provider.ftp.FtpFileProvider" because required class "org.apache.commons.net.ftp.FTPFile" is not available.
13:11:02.658 [main] DEBUG org.apache.commons.vfs2.impl.StandardFileSystemManager - Skipping provider "org.apache.commons.vfs2.provider.ftps.FtpsFileProvider" because required class "org.apache.commons.net.ftp.FTPFile" is not available.
13:11:02.658 [main] DEBUG org.apache.commons.vfs2.impl.StandardFileSystemManager - Skipping provider "org.apache.commons.vfs2.provider.http.HttpFileProvider" because required class "org.apache.commons.httpclient.HttpClient" is not available.
13:11:02.658 [main] DEBUG org.apache.commons.vfs2.impl.StandardFileSystemManager - Skipping provider "org.apache.commons.vfs2.provider.https.HttpsFileProvider" because required class "org.apache.commons.httpclient.HttpClient" is not available.
13:11:02.658 [main] DEBUG org.apache.commons.vfs2.impl.StandardFileSystemManager - Skipping provider "org.apache.commons.vfs2.provider.sftp.SftpFileProvider" because required class "com.jcraft.jsch.JSch" is not available.
13:11:02.660 [main] DEBUG org.apache.commons.vfs2.impl.StandardFileSystemManager - Skipping provider "org.apache.commons.vfs2.provider.webdav.WebdavFileProvider" because required class "org.apache.commons.httpclient.HttpClient" is not available.
13:11:02.660 [main] DEBUG org.apache.commons.vfs2.impl.StandardFileSystemManager - Skipping provider "org.apache.commons.vfs2.provider.tar.TarFileProvider" because required scheme "tar" is not available.
13:11:02.660 [main] DEBUG org.apache.commons.vfs2.impl.StandardFileSystemManager - Skipping provider "org.apache.commons.vfs2.provider.tar.TarFileProvider" because required scheme "bz2" is not available.
13:11:02.661 [main] DEBUG org.apache.commons.vfs2.impl.StandardFileSystemManager - Skipping provider "org.apache.commons.vfs2.provider.hdfs.HdfsFileProvider" because required class "org.apache.hadoop.fs.FileSystem" is not available.
13:11:02.679 [main] DEBUG com.joliciel.talismane.utils.ConfigUtils - Getting zip://./parseurs/FR/talismane5/talismane-distribution-5.1.2-bin/frenchLanguagePack-5.0.4.zip!talismaneTagset_fr.txt
13:11:02.679 [main] DEBUG com.joliciel.talismane.utils.ConfigUtils - Changed path to zip:///home/hermano/Bureau/boulot/cours/RI/2020/2_25-02-20/./parseurs/FR/talismane5/talismane-distribution-5.1.2-bin/frenchLanguagePack-5.0.4.zip!talismaneTagset_fr.txt
13:11:02.688 [main] DEBUG org.apache.commons.vfs2.cache.SoftRefFilesCache - putFile: file:///home/hermano/Bureau/boulot/cours/RI/2020/2_25-02-20/parseurs/FR/talismane5/talismane-distribution-5.1.2-bin/frenchLanguagePack-5.0.4.zip
13:11:02.706 [main] DEBUG com.joliciel.talismane.posTagger.PosTagSet - # TagSet based on Crabbé and Candito, 2008, as best one for French dependency parsing.
13:11:02.706 [main] DEBUG com.joliciel.talismane.posTagger.PosTagSet - # Only main grammatical categories, no morphological information.
13:11:02.706 [main] DEBUG com.joliciel.talismane.posTagger.PosTagSet - # Verb moods, WH- subcategories.
13:11:02.707 [main] DEBUG com.joliciel.talismane.posTagger.PosTagSet - # No verb tenses (except for participles, which are grouped with "moods").
13:11:02.707 [main] DEBUG com.joliciel.talismane.posTagger.PosTagSet - # Removed ADJWH as it seems identical to DETWH (quel). Added PREF as its found in corpora.
13:11:02.707 [main] DEBUG com.joliciel.talismane.posTagger.PosTagSet - # @author Assaf Urieli
13:11:02.707 [main] DEBUG com.joliciel.talismane.posTagger.PosTagSet - SPMRL 2013
13:11:02.707 [main] DEBUG com.joliciel.talismane.posTagger.PosTagSet - fr
13:11:02.707 [main] DEBUG com.joliciel.talismane.posTagger.PosTagSet - ADJ	adjectif	OPEN
13:11:02.708 [main] DEBUG com.joliciel.talismane.posTagger.PosTagSet - ADV	adverbe	OPEN
13:11:02.708 [main] DEBUG com.joliciel.talismane.posTagger.PosTagSet - ADVWH	adverbe intérrogatif	CLOSED
13:11:02.708 [main] DEBUG com.joliciel.talismane.posTagger.PosTagSet - CC	conjonction de coordination	CLOSED
13:11:02.708 [main] DEBUG com.joliciel.talismane.posTagger.PosTagSet - CLO	clitique objet	CLOSED
13:11:02.708 [main] DEBUG com.joliciel.talismane.posTagger.PosTagSet - CLR	clitique réflechi	CLOSED
13:11:02.708 [main] DEBUG com.joliciel.talismane.posTagger.PosTagSet - CLS	clitique sujet	CLOSED
13:11:02.708 [main] DEBUG com.joliciel.talismane.posTagger.PosTagSet - CS	conjonction de subordination	CLOSED
13:11:02.708 [main] DEBUG com.joliciel.talismane.posTagger.PosTagSet - DET	déteriminant	CLOSED
13:11:02.708 [main] DEBUG com.joliciel.talismane.posTagger.PosTagSet - DETWH	déterminant intérrogatif	CLOSED
13:11:02.708 [main] DEBUG com.joliciel.talismane.posTagger.PosTagSet - ET	mot étranger	OPEN
13:11:02.708 [main] DEBUG com.joliciel.talismane.posTagger.PosTagSet - I	interjection	OPEN
13:11:02.708 [main] DEBUG com.joliciel.talismane.posTagger.PosTagSet - NC	nom commun	OPEN
13:11:02.708 [main] DEBUG com.joliciel.talismane.posTagger.PosTagSet - NPP	nom propre	OPEN
13:11:02.708 [main] DEBUG com.joliciel.talismane.posTagger.PosTagSet - P	prépostion	CLOSED
13:11:02.708 [main] DEBUG com.joliciel.talismane.posTagger.PosTagSet - P+D	préposition+déterminant	CLOSED
13:11:02.708 [main] DEBUG com.joliciel.talismane.posTagger.PosTagSet - P+PRO	préposition+pronom	CLOSED
13:11:02.708 [main] DEBUG com.joliciel.talismane.posTagger.PosTagSet - PONCT	ponctuation	PUNCTUATION
13:11:02.708 [main] DEBUG com.joliciel.talismane.posTagger.PosTagSet - PREF	préfixe	OPEN
13:11:02.708 [main] DEBUG com.joliciel.talismane.posTagger.PosTagSet - PRO	pronom	CLOSED
13:11:02.708 [main] DEBUG com.joliciel.talismane.posTagger.PosTagSet - PROREL	pronom rélatif	CLOSED
13:11:02.708 [main] DEBUG com.joliciel.talismane.posTagger.PosTagSet - PROWH	pronom intérrogatif	CLOSED
13:11:02.708 [main] DEBUG com.joliciel.talismane.posTagger.PosTagSet - V	verbe indicatif	OPEN
13:11:02.708 [main] DEBUG com.joliciel.talismane.posTagger.PosTagSet - VIMP	verbe impératif	OPEN
13:11:02.708 [main] DEBUG com.joliciel.talismane.posTagger.PosTagSet - VINF	verbe infinitif	OPEN
13:11:02.708 [main] DEBUG com.joliciel.talismane.posTagger.PosTagSet - VPP	verbe participe passé	OPEN
13:11:02.708 [main] DEBUG com.joliciel.talismane.posTagger.PosTagSet - VPR	verbe participe présent	OPEN
13:11:02.709 [main] DEBUG com.joliciel.talismane.posTagger.PosTagSet - VS	verbe subjonctif	OPEN
13:11:02.711 [main] DEBUG com.joliciel.talismane.utils.ConfigUtils - Getting talismane.core.fr.parser.dependency-labels
13:11:02.711 [main] DEBUG com.joliciel.talismane.utils.ConfigUtils - Getting zip://./parseurs/FR/talismane5/talismane-distribution-5.1.2-bin/frenchLanguagePack-5.0.4.zip!talismaneDependencyLabels_fr.txt
13:11:02.711 [main] DEBUG com.joliciel.talismane.utils.ConfigUtils - Changed path to zip:///home/hermano/Bureau/boulot/cours/RI/2020/2_25-02-20/./parseurs/FR/talismane5/talismane-distribution-5.1.2-bin/frenchLanguagePack-5.0.4.zip!talismaneDependencyLabels_fr.txt
13:11:02.717 [main] DEBUG com.joliciel.talismane.utils.ConfigUtils - Getting zip://./parseurs/FR/talismane5/talismane-distribution-5.1.2-bin/frenchLanguagePack-5.0.4.zip!lexicons_fr.zip
13:11:02.718 [main] DEBUG com.joliciel.talismane.utils.ConfigUtils - Changed path to zip:///home/hermano/Bureau/boulot/cours/RI/2020/2_25-02-20/./parseurs/FR/talismane5/talismane-distribution-5.1.2-bin/frenchLanguagePack-5.0.4.zip!lexicons_fr.zip
13:11:02.719 [main] DEBUG com.joliciel.talismane.lexicon.LexiconReader - lexicons.txt
13:11:02.719 [main] DEBUG com.joliciel.talismane.lexicon.LexiconReader - TalismaneFrClosed.obj
13:11:02.719 [main] DEBUG com.joliciel.talismane.lexicon.LexiconReader - deserializing TalismaneFrClosed.obj
13:11:02.847 [main] DEBUG com.joliciel.talismane.lexicon.LexiconReader - Lefff.obj
13:11:02.847 [main] DEBUG com.joliciel.talismane.lexicon.LexiconReader - deserializing Lefff.obj
13:11:07.988 [main] DEBUG com.joliciel.talismane.TalismaneSession - Using default pos-tag-mapper for lexicon: TalismaneFrClosed
13:11:07.988 [main] DEBUG com.joliciel.talismane.utils.ConfigUtils - Getting talismane.core.fr.pos-tagger.pos-tag-map.Lefff
13:11:07.988 [main] DEBUG com.joliciel.talismane.utils.ConfigUtils - Getting zip://./parseurs/FR/talismane5/talismane-distribution-5.1.2-bin/frenchLanguagePack-5.0.4.zip!lefff-ext-3.2_posTagMap.txt
13:11:07.989 [main] DEBUG com.joliciel.talismane.utils.ConfigUtils - Changed path to zip:///home/hermano/Bureau/boulot/cours/RI/2020/2_25-02-20/./parseurs/FR/talismane5/talismane-distribution-5.1.2-bin/frenchLanguagePack-5.0.4.zip!lefff-ext-3.2_posTagMap.txt
13:11:08.011 [main] DEBUG com.joliciel.talismane.utils.ConfigUtils - Getting talismane.core.fr.lowercase-preferences
13:11:08.011 [main] DEBUG com.joliciel.talismane.utils.ConfigUtils - Getting zip://./parseurs/FR/talismane5/talismane-distribution-5.1.2-bin/frenchLanguagePack-5.0.4.zip!lowercasePreferences.txt
13:11:08.011 [main] DEBUG com.joliciel.talismane.utils.ConfigUtils - Changed path to zip:///home/hermano/Bureau/boulot/cours/RI/2020/2_25-02-20/./parseurs/FR/talismane5/talismane-distribution-5.1.2-bin/frenchLanguagePack-5.0.4.zip!lowercasePreferences.txt
13:11:08.015 [main] DEBUG com.joliciel.talismane.TalismaneSession - text-annotators
13:11:08.020 [main] DEBUG com.joliciel.talismane.TalismaneSession - From: zip://./parseurs/FR/talismane5/talismane-distribution-5.1.2-bin/frenchLanguagePack-5.0.4.zip!text_marker_filters.txt
13:11:08.021 [main] DEBUG com.joliciel.talismane.utils.ConfigUtils - Getting zip://./parseurs/FR/talismane5/talismane-distribution-5.1.2-bin/frenchLanguagePack-5.0.4.zip!text_marker_filters.txt
13:11:08.021 [main] DEBUG com.joliciel.talismane.utils.ConfigUtils - Changed path to zip:///home/hermano/Bureau/boulot/cours/RI/2020/2_25-02-20/./parseurs/FR/talismane5/talismane-distribution-5.1.2-bin/frenchLanguagePack-5.0.4.zip!text_marker_filters.txt
13:11:08.022 [main] DEBUG com.joliciel.talismane.TalismaneSession - #### bullets at start of line or input ####
13:11:08.022 [main] DEBUG com.joliciel.talismane.TalismaneSession - RegexMarkerFilter	SKIP	(?m)^( *[*•◦◘◙■□▢▣◆◇◈◉▪▫●○◎□▪▫◊○◌●◦•])	1
13:11:08.023 [main] DEBUG com.joliciel.talismane.TalismaneSession - RegexMarkerFilter	SKIP	(?m)^( *[-‒–—―])	1
13:11:08.024 [main] DEBUG com.joliciel.talismane.TalismaneSession - RegexMarkerFilter	SKIP	(?m)^( *\(?\d+(\.\d+)*\))	1
13:11:08.026 [main] DEBUG com.joliciel.talismane.TalismaneSession - RegexMarkerFilter	SKIP	(?m)^( *\d+(\.\d+)*\.)	1
13:11:08.027 [main] DEBUG com.joliciel.talismane.TalismaneSession - RegexMarkerFilter	REPLACE	[“”„‟″‴]	"
13:11:08.027 [main] DEBUG com.joliciel.talismane.TalismaneSession - RegexMarkerFilter	REPLACE	[‘’]	'
13:11:08.027 [main] DEBUG com.joliciel.talismane.TalismaneSession - RegexMarkerFilter	REPLACE	(« )|«	"
13:11:08.027 [main] DEBUG com.joliciel.talismane.TalismaneSession - RegexMarkerFilter	REPLACE	( »)|»	"
13:11:08.027 [main] DEBUG com.joliciel.talismane.TalismaneSession - RegexMarkerFilter	REPLACE	[‒–—―]	 - 
13:11:08.027 [main] DEBUG com.joliciel.talismane.TalismaneSession - RegexMarkerFilter	NO_SENTENCE_BREAK	\b(lun|mar|merc|jeu|ven|sam|dim|LUN|MAR|MERC|JEU|VEN|SAM|DIM|Lun|Mar|Merc|Jeu|Ven|Sam|Dim)\.\B
13:11:08.028 [main] DEBUG com.joliciel.talismane.TalismaneSession - RegexMarkerFilter	NO_SENTENCE_BREAK	\b(janv|f[eé]v|avr|juil|sept|oct|nov|d[ée]c|JAN|FEV|AVR|JUIL|SEPT|OCT|NOV|DEC|Janv|F[eé]v|Avr|Juil|Sept|Oct|Nov|D[ée]c)\.\B
13:11:08.028 [main] DEBUG com.joliciel.talismane.TalismaneSession - RegexMarkerFilter	NO_SENTENCE_BREAK	\bi\.e\.
13:11:08.028 [main] DEBUG com.joliciel.talismane.TalismaneSession - RegexMarkerFilter	NO_SENTENCE_BREAK	\be\.g\.
13:11:08.028 [main] DEBUG com.joliciel.talismane.TalismaneSession - sentence-annotators
13:11:08.031 [main] DEBUG com.joliciel.talismane.TalismaneSession - From: zip://./parseurs/FR/talismane5/talismane-distribution-5.1.2-bin/frenchLanguagePack-5.0.4.zip!token_filters.txt
13:11:08.031 [main] DEBUG com.joliciel.talismane.utils.ConfigUtils - Getting zip://./parseurs/FR/talismane5/talismane-distribution-5.1.2-bin/frenchLanguagePack-5.0.4.zip!token_filters.txt
13:11:08.031 [main] DEBUG com.joliciel.talismane.utils.ConfigUtils - Changed path to zip:///home/hermano/Bureau/boulot/cours/RI/2020/2_25-02-20/./parseurs/FR/talismane5/talismane-distribution-5.1.2-bin/frenchLanguagePack-5.0.4.zip!token_filters.txt
13:11:08.032 [main] DEBUG com.joliciel.talismane.sentenceAnnotators.SentenceAnnotatorLoader - DefaultParameters	caseSensitive=false
13:11:08.032 [main] DEBUG com.joliciel.talismane.sentenceAnnotators.SentenceAnnotatorLoader - 
13:11:08.032 [main] DEBUG com.joliciel.talismane.sentenceAnnotators.SentenceAnnotatorLoader - ###################################
13:11:08.032 [main] DEBUG com.joliciel.talismane.sentenceAnnotators.SentenceAnnotatorLoader - #### URLs and e-mail addresses ####
13:11:08.032 [main] DEBUG com.joliciel.talismane.sentenceAnnotators.SentenceAnnotatorLoader - ###################################
13:11:08.034 [main] DEBUG com.joliciel.talismane.sentenceAnnotators.SentenceAnnotatorLoader - RegexTokenAnnotator	\b((\w+[.-])*\w+@(\w+[.-])*\w+\.((aero)|(asia)|(biz)|(cat)|(com)|(coop)|(info)|(int)|(jobs)|(mobi)|(museum)|(name)|(net)|(org)|(pro)|(tel)|(travel)|(xxx)|(edu)|(gov)|(mil)|(ac)|(ad)|(ae)|(af)|(ag)|(ai)|(al)|(am)|(an)|(ao)|(aq)|(ar)|(as)|(at)|(au)|(aw)|(ax)|(az)|(ba)|(bb)|(bd)|(be)|(bf)|(bg)|(bh)|(bi)|(bj)|(bm)|(bn)|(bo)|(br)|(bs)|(bt)|(bv)|(bw)|(by)|(bz)|(ca)|(cc)|(cd)|(cf)|(cg)|(ch)|(ci)|(ck)|(cl)|(cm)|(cn)|(co)|(cr)|(cs)|(cu)|(cv)|(cx)|(cy)|(cz)|(dd)|(de)|(dj)|(dk)|(dm)|(do)|(dz)|(ec)|(ee)|(eg)|(eh)|(er)|(es)|(et)|(eu)|(fi)|(fj)|(fk)|(fm)|(fo)|(fr)|(ga)|(gb)|(gd)|(ge)|(gf)|(gg)|(gh)|(gi)|(gl)|(gm)|(gn)|(gp)|(gq)|(gr)|(gs)|(gt)|(gu)|(gw)|(gy)|(hk)|(hm)|(hn)|(hr)|(ht)|(hu)|(id)|(ie)|(il)|(im)|(in)|(io)|(iq)|(ir)|(is)|(it)|(je)|(jm)|(jo)|(jp)|(ke)|(kg)|(kh)|(ki)|(km)|(kn)|(kp)|(kr)|(kw)|(ky)|(kz)|(la)|(lb)|(lc)|(li)|(lk)|(lr)|(ls)|(lt)|(lu)|(lv)|(ly)|(ma)|(mc)|(md)|(me)|(mg)|(mh)|(mk)|(ml)|(mm)|(mn)|(mo)|(mp)|(mq)|(mr)|(ms)|(mt)|(mu)|(mv)|(mw)|(mx)|(my)|(mz)|(na)|(nc)|(ne)|(nf)|(ng)|(ni)|(nl)|(no)|(np)|(nr)|(nu)|(nz)|(om)|(pa)|(pe)|(pf)|(pg)|(ph)|(pk)|(pl)|(pm)|(pn)|(pr)|(ps)|(pt)|(pw)|(py)|(qa)|(re)|(ro)|(rs)|(ru)|(rw)|(sa)|(sb)|(sc)|(sd)|(se)|(sg)|(sh)|(si)|(sj)|(sk)|(sl)|(sm)|(sn)|(so)|(sr)|(ss)|(st)|(su)|(sv)|(sx)|(sy)|(sz)|(tc)|(td)|(tf)|(tg)|(th)|(tj)|(tk)|(tl)|(tm)|(tn)|(to)|(tp)|(tr)|(tt)|(tv)|(tw)|(tz)|(ua)|(ug)|(uk)|(us)|(uy)|(uz)|(va)|(vc)|(ve)|(vg)|(vi)|(vn)|(vu)|(wf)|(ws)|(ye)|(yt)|(yu)|(za)|(zm)|(zw)))\b	analysisText=$MAIL$	featureType=url	posTag=NPP	lemma=$MAIL$	caseSensitive=true
13:11:08.045 [main] DEBUG com.joliciel.talismane.sentenceAnnotators.SentenceAnnotatorLoader - RegexTokenAnnotator	\b((((http)|(https)|(ftp)|(irc)|(ircs)|(gopher)|(telnet)|(nntp)|(worldwind)|(mailto)|(news)|(svn)|(git)|(mms)):\/\/)?(\w+[.-])*\w+\.((aero)|(asia)|(biz)|(cat)|(com)|(coop)|(info)|(int)|(jobs)|(mobi)|(museum)|(name)|(net)|(org)|(pro)|(tel)|(travel)|(xxx)|(edu)|(gov)|(mil)|(ac)|(ad)|(ae)|(af)|(ag)|(ai)|(al)|(am)|(an)|(ao)|(aq)|(ar)|(as)|(at)|(au)|(aw)|(ax)|(az)|(ba)|(bb)|(bd)|(be)|(bf)|(bg)|(bh)|(bi)|(bj)|(bm)|(bn)|(bo)|(br)|(bs)|(bt)|(bv)|(bw)|(by)|(bz)|(ca)|(cc)|(cd)|(cf)|(cg)|(ch)|(ci)|(ck)|(cl)|(cm)|(cn)|(co)|(cr)|(cs)|(cu)|(cv)|(cx)|(cy)|(cz)|(dd)|(de)|(dj)|(dk)|(dm)|(do)|(dz)|(ec)|(ee)|(eg)|(eh)|(er)|(es)|(et)|(eu)|(fi)|(fj)|(fk)|(fm)|(fo)|(fr)|(ga)|(gb)|(gd)|(ge)|(gf)|(gg)|(gh)|(gi)|(gl)|(gm)|(gn)|(gp)|(gq)|(gr)|(gs)|(gt)|(gu)|(gw)|(gy)|(hk)|(hm)|(hn)|(hr)|(ht)|(hu)|(id)|(ie)|(il)|(im)|(in)|(io)|(iq)|(ir)|(is)|(it)|(je)|(jm)|(jo)|(jp)|(ke)|(kg)|(kh)|(ki)|(km)|(kn)|(kp)|(kr)|(kw)|(ky)|(kz)|(la)|(lb)|(lc)|(li)|(lk)|(lr)|(ls)|(lt)|(lu)|(lv)|(ly)|(ma)|(mc)|(md)|(me)|(mg)|(mh)|(mk)|(ml)|(mm)|(mn)|(mo)|(mp)|(mq)|(mr)|(ms)|(mt)|(mu)|(mv)|(mw)|(mx)|(my)|(mz)|(na)|(nc)|(ne)|(nf)|(ng)|(ni)|(nl)|(no)|(np)|(nr)|(nu)|(nz)|(om)|(pa)|(pe)|(pf)|(pg)|(ph)|(pk)|(pl)|(pm)|(pn)|(pr)|(ps)|(pt)|(pw)|(py)|(qa)|(re)|(ro)|(rs)|(ru)|(rw)|(sa)|(sb)|(sc)|(sd)|(se)|(sg)|(sh)|(si)|(sj)|(sk)|(sl)|(sm)|(sn)|(so)|(sr)|(ss)|(st)|(su)|(sv)|(sx)|(sy)|(sz)|(tc)|(td)|(tf)|(tg)|(th)|(tj)|(tk)|(tl)|(tm)|(tn)|(to)|(tp)|(tr)|(tt)|(tv)|(tw)|(tz)|(ua)|(ug)|(uk)|(us)|(uy)|(uz)|(va)|(vc)|(ve)|(vg)|(vi)|(vn)|(vu)|(wf)|(ws)|(ye)|(yt)|(yu)|(za)|(zm)|(zw))((\/)?\/[\w%.#-]+)*\/?)(\?[\w%.#-_]+(=[\w%.#-/:_]*\w(&[\w%.#-_]+=[\w%.#-/:_]*)?\w)*)?\b	analysisText=$URL$	featureType=url	posTag=NPP	lemma=$URL$	caseSensitive=true
13:11:08.047 [main] DEBUG com.joliciel.talismane.sentenceAnnotators.SentenceAnnotatorLoader - 
13:11:08.047 [main] DEBUG com.joliciel.talismane.sentenceAnnotators.SentenceAnnotatorLoader - RegexTokenAnnotator	\bi\.e\.\B	posTag=P	lemmaType=originalLower
13:11:08.065 [main] DEBUG com.joliciel.talismane.sentenceAnnotators.SentenceAnnotatorLoader - RegexTokenAnnotator	\be\.g\.\B	posTag=P	lemmaType=originalLower
13:11:08.066 [main] DEBUG com.joliciel.talismane.sentenceAnnotators.SentenceAnnotatorLoader - RegexTokenAnnotator	\bpeut-[êe]tre\b	replacement=peut-être	lemma=peut-être	posTag=ADV
13:11:08.070 [main] DEBUG com.joliciel.talismane.sentenceAnnotators.SentenceAnnotatorLoader - 
13:11:08.070 [main] DEBUG com.joliciel.talismane.sentenceAnnotators.SentenceAnnotatorLoader - ########################
13:11:08.070 [main] DEBUG com.joliciel.talismane.sentenceAnnotators.SentenceAnnotatorLoader - #### Pronouns ##########
13:11:08.070 [main] DEBUG com.joliciel.talismane.sentenceAnnotators.SentenceAnnotatorLoader - ########################
13:11:08.070 [main] DEBUG com.joliciel.talismane.sentenceAnnotators.SentenceAnnotatorLoader - RegexTokenAnnotator	\b(-t-elle)(?!\-)\b	replacement=elle	group=1
13:11:08.071 [main] DEBUG com.joliciel.talismane.sentenceAnnotators.SentenceAnnotatorLoader - RegexTokenAnnotator	\b(-t-elles)(?!\-)\b	replacement=elles	group=1
13:11:08.071 [main] DEBUG com.joliciel.talismane.sentenceAnnotators.SentenceAnnotatorLoader - RegexTokenAnnotator	\b(-t-il)(?!\-)\b	replacement=il	group=1
13:11:08.072 [main] DEBUG com.joliciel.talismane.sentenceAnnotators.SentenceAnnotatorLoader - RegexTokenAnnotator	\b(-t-ils)(?!\-)\b	replacement=ils	group=1
13:11:08.072 [main] DEBUG com.joliciel.talismane.sentenceAnnotators.SentenceAnnotatorLoader - RegexTokenAnnotator	\b(-t-on)(?!\-)\b	replacement=on	group=1
13:11:08.072 [main] DEBUG com.joliciel.talismane.sentenceAnnotators.SentenceAnnotatorLoader - RegexTokenAnnotator	\b(-ce)(?!\-)\b	replacement=ce	group=1
13:11:08.072 [main] DEBUG com.joliciel.talismane.sentenceAnnotators.SentenceAnnotatorLoader - RegexTokenAnnotator	\b(-je)(?!\-)\b	replacement=je	group=1
13:11:08.072 [main] DEBUG com.joliciel.talismane.sentenceAnnotators.SentenceAnnotatorLoader - RegexTokenAnnotator	\b(-en)(?!\-)\b	replacement=en	group=1
13:11:08.073 [main] DEBUG com.joliciel.talismane.sentenceAnnotators.SentenceAnnotatorLoader - RegexTokenAnnotator	\b(-la)(?!\-)\b	replacement=la	group=1
13:11:08.073 [main] DEBUG com.joliciel.talismane.sentenceAnnotators.SentenceAnnotatorLoader - RegexTokenAnnotator	\b(-le)(?!\-)\b	replacement=le	group=1
13:11:08.073 [main] DEBUG com.joliciel.talismane.sentenceAnnotators.SentenceAnnotatorLoader - RegexTokenAnnotator	\b(-les)(?!\-)\b	replacement=les	group=1
13:11:08.073 [main] DEBUG com.joliciel.talismane.sentenceAnnotators.SentenceAnnotatorLoader - RegexTokenAnnotator	\b(-leur)(?!\-)\b	replacement=leur	group=1
13:11:08.074 [main] DEBUG com.joliciel.talismane.sentenceAnnotators.SentenceAnnotatorLoader - RegexTokenAnnotator	\b(-lui)(?!\-)\b	replacement=lui	group=1
13:11:08.074 [main] DEBUG com.joliciel.talismane.sentenceAnnotators.SentenceAnnotatorLoader - RegexTokenAnnotator	\b(-moi)(?!\-)\b	replacement=moi	group=1
13:11:08.074 [main] DEBUG com.joliciel.talismane.sentenceAnnotators.SentenceAnnotatorLoader - RegexTokenAnnotator	\b(-nous)(?!\-)\b	replacement=nous	group=1
13:11:08.075 [main] DEBUG com.joliciel.talismane.sentenceAnnotators.SentenceAnnotatorLoader - RegexTokenAnnotator	\b(-toi)(?!\-)\b	replacement=toi	group=1
13:11:08.075 [main] DEBUG com.joliciel.talismane.sentenceAnnotators.SentenceAnnotatorLoader - RegexTokenAnnotator	\b(-tu)(?!\-)\b	replacement=tu	group=1	posTag=CLS
13:11:08.075 [main] DEBUG com.joliciel.talismane.sentenceAnnotators.SentenceAnnotatorLoader - RegexTokenAnnotator	\b(-y)(?!\-)\b	replacement=y	group=1
13:11:08.075 [main] DEBUG com.joliciel.talismane.sentenceAnnotators.SentenceAnnotatorLoader - RegexTokenAnnotator	\b(-elle)(?!\-)\b	replacement=elle	group=1
13:11:08.076 [main] DEBUG com.joliciel.talismane.sentenceAnnotators.SentenceAnnotatorLoader - RegexTokenAnnotator	\b(-elles)(?!\-)\b	replacement=elles	group=1
13:11:08.076 [main] DEBUG com.joliciel.talismane.sentenceAnnotators.SentenceAnnotatorLoader - RegexTokenAnnotator	\b(-il)(?!\-)\b	replacement=il	group=1
13:11:08.076 [main] DEBUG com.joliciel.talismane.sentenceAnnotators.SentenceAnnotatorLoader - RegexTokenAnnotator	\b(-ils)(?!\-)\b	replacement=ils	group=1
13:11:08.076 [main] DEBUG com.joliciel.talismane.sentenceAnnotators.SentenceAnnotatorLoader - RegexTokenAnnotator	\b(-on)(?!\-)\b	replacement=on	group=1
13:11:08.077 [main] DEBUG com.joliciel.talismane.sentenceAnnotators.SentenceAnnotatorLoader - RegexTokenAnnotator	\b(?!rendez)\w+(-vous)(?!\-)\b	replacement=vous	group=1
13:11:08.077 [main] DEBUG com.joliciel.talismane.sentenceAnnotators.SentenceAnnotatorLoader - RegexTokenAnnotator	\b(-m['’])(?!\-)\b	replacement=moi	group=1
13:11:08.077 [main] DEBUG com.joliciel.talismane.sentenceAnnotators.SentenceAnnotatorLoader - RegexTokenAnnotator	\b(-t['’])(?!\-)\b	replacement=toi	group=1
13:11:08.078 [main] DEBUG com.joliciel.talismane.sentenceAnnotators.SentenceAnnotatorLoader - 
13:11:08.078 [main] DEBUG com.joliciel.talismane.sentenceAnnotators.SentenceAnnotatorLoader - ###################
13:11:08.078 [main] DEBUG com.joliciel.talismane.sentenceAnnotators.SentenceAnnotatorLoader - ### Apostrophes ###
13:11:08.078 [main] DEBUG com.joliciel.talismane.sentenceAnnotators.SentenceAnnotatorLoader - ###################
13:11:08.078 [main] DEBUG com.joliciel.talismane.sentenceAnnotators.SentenceAnnotatorLoader - RegexTokenAnnotator	\b(chefs?|mains?|ma[iî]tres?|hors)[ -]d['’]((oe|œ)uvres?)\b	caseSensitive=false
13:11:08.082 [main] DEBUG com.joliciel.talismane.sentenceAnnotators.SentenceAnnotatorLoader - RegexTokenAnnotator	\bprud['’](homme|hommes|homal|homaux|homale|homales)\b	caseSensitive=false
13:11:08.083 [main] DEBUG com.joliciel.talismane.sentenceAnnotators.SentenceAnnotatorLoader - RegexTokenAnnotator	\b(trompes?)[ -]l['’](oe|œ)il\b	caseSensitive=false
13:11:08.084 [main] DEBUG com.joliciel.talismane.sentenceAnnotators.SentenceAnnotatorLoader - RegexTokenAnnotator	\baujourd['’]hui\b	lemma=aujourd'hui	caseSensitive=false
13:11:08.085 [main] DEBUG com.joliciel.talismane.sentenceAnnotators.SentenceAnnotatorLoader - RegexTokenAnnotator	\brendez-vous\b	lemma=rendez-vous	caseSensitive=false
13:11:08.085 [main] DEBUG com.joliciel.talismane.sentenceAnnotators.SentenceAnnotatorLoader - RegexTokenAnnotator	\bc['’]	replacement=ce	lemma=ce	caseSensitive=false
13:11:08.085 [main] DEBUG com.joliciel.talismane.sentenceAnnotators.SentenceAnnotatorLoader - RegexTokenAnnotator	\bd['’]	replacement=de	lemma=de	caseSensitive=false
13:11:08.086 [main] DEBUG com.joliciel.talismane.sentenceAnnotators.SentenceAnnotatorLoader - RegexTokenAnnotator	\bj['’]	replacement=je	lemma=je	caseSensitive=false
13:11:08.086 [main] DEBUG com.joliciel.talismane.sentenceAnnotators.SentenceAnnotatorLoader - RegexTokenAnnotator	\bl['’]	replacement=l'	lemma=le	caseSensitive=false
13:11:08.087 [main] DEBUG com.joliciel.talismane.sentenceAnnotators.SentenceAnnotatorLoader - RegexTokenAnnotator	\bm['’]	replacement=me	lemma=me	caseSensitive=false
13:11:08.087 [main] DEBUG com.joliciel.talismane.sentenceAnnotators.SentenceAnnotatorLoader - RegexTokenAnnotator	\bn['’]	replacement=ne	lemma=ne	caseSensitive=false
13:11:08.088 [main] DEBUG com.joliciel.talismane.sentenceAnnotators.SentenceAnnotatorLoader - RegexTokenAnnotator	\bs['’]	replacement=se	lemma=se	caseSensitive=false
13:11:08.088 [main] DEBUG com.joliciel.talismane.sentenceAnnotators.SentenceAnnotatorLoader - RegexTokenAnnotator	\bt['’]	replacement=te	lemma=te	caseSensitive=false
13:11:08.088 [main] DEBUG com.joliciel.talismane.sentenceAnnotators.SentenceAnnotatorLoader - RegexTokenAnnotator	\bqu['’]	replacement=que	lemma=que	caseSensitive=false
13:11:08.089 [main] DEBUG com.joliciel.talismane.sentenceAnnotators.SentenceAnnotatorLoader - RegexTokenAnnotator	\bjusqu['’]	replacement=jusque	lemma=jusque	caseSensitive=false
13:11:08.089 [main] DEBUG com.joliciel.talismane.sentenceAnnotators.SentenceAnnotatorLoader - RegexTokenAnnotator	\bpuisqu['’]	replacement=puisque	lemma=puisque	caseSensitive=false
13:11:08.089 [main] DEBUG com.joliciel.talismane.sentenceAnnotators.SentenceAnnotatorLoader - RegexTokenAnnotator	\blorsqu['’]	replacement=lorsque	lemma=lorsque	caseSensitive=false
13:11:08.090 [main] DEBUG com.joliciel.talismane.sentenceAnnotators.SentenceAnnotatorLoader - RegexTokenAnnotator	\bquelqu['’]	replacement=quelque	lemma=quelque	caseSensitive=false
13:11:08.090 [main] DEBUG com.joliciel.talismane.sentenceAnnotators.SentenceAnnotatorLoader - RegexTokenAnnotator	\bquoiqu['’]	replacement=quoique	lemma=quoique	caseSensitive=false
13:11:08.091 [main] DEBUG com.joliciel.talismane.sentenceAnnotators.SentenceAnnotatorLoader - 
13:11:08.091 [main] DEBUG com.joliciel.talismane.sentenceAnnotators.SentenceAnnotatorLoader - #################
13:11:08.091 [main] DEBUG com.joliciel.talismane.sentenceAnnotators.SentenceAnnotatorLoader - #### Numbers ####
13:11:08.091 [main] DEBUG com.joliciel.talismane.sentenceAnnotators.SentenceAnnotatorLoader - #################
13:11:08.091 [main] DEBUG com.joliciel.talismane.sentenceAnnotators.SentenceAnnotatorLoader - RegexTokenAnnotator	\b(\d\d\-){3,4}\d\d\b	analysisText=$TEL$	posTag=NPP	lemma=$TEL$
13:11:08.091 [main] DEBUG com.joliciel.talismane.sentenceAnnotators.SentenceAnnotatorLoader - RegexTokenAnnotator	\b(\d\d ){3,4}\d\d\b	analysisText=$TEL$	posTag=NPP	lemma=$TEL$
13:11:08.092 [main] DEBUG com.joliciel.talismane.sentenceAnnotators.SentenceAnnotatorLoader - RegexTokenAnnotator	\b(\d\d.){3,4}\d\d\b	analysisText=$TEL$	posTag=NPP	lemma=$TEL$
13:11:08.092 [main] DEBUG com.joliciel.talismane.sentenceAnnotators.SentenceAnnotatorLoader - RegexTokenAnnotator	\b[1-9][0-9]{0,2}([ \.][0-9]{3})+,[0-9]+(e[-+]?[0-9]+)?\b	analysisText=999	featureType=number	lemmaType=originalLower
13:11:08.092 [main] DEBUG com.joliciel.talismane.sentenceAnnotators.SentenceAnnotatorLoader - RegexTokenAnnotator	\b[1-9][0-9]*[,\.][0-9]+(e[-+]?[0-9]+)?\b	analysisText=999	featureType=number	lemmaType=originalLower
13:11:08.092 [main] DEBUG com.joliciel.talismane.sentenceAnnotators.SentenceAnnotatorLoader - RegexTokenAnnotator	\b0[,\.][0-9]+(e[-+]?[0-9]+)?\b	analysisText=999	featureType=number	lemmaType=originalLower
13:11:08.093 [main] DEBUG com.joliciel.talismane.sentenceAnnotators.SentenceAnnotatorLoader - RegexTokenAnnotator	\s(,[0-9]+(e[-+]?[0-9]+)?)\b	analysisText=999	featureType=number	lemmaType=originalLower	group=1
13:11:08.093 [main] DEBUG com.joliciel.talismane.sentenceAnnotators.SentenceAnnotatorLoader - RegexTokenAnnotator	\b([1-9][0-9]{0,2}([ \.][0-9]{3})+)\b	analysisText=999	featureType=number	lemmaType=originalLower
13:11:08.093 [main] DEBUG com.joliciel.talismane.sentenceAnnotators.SentenceAnnotatorLoader - RegexTokenAnnotator	[-+][1-9][0-9]{0,2}([ \.][0-9]{3})+,[0-9]+(e[-+]?[0-9]+)?\b	analysisText=999	featureType=number	lemmaType=originalLower
13:11:08.094 [main] DEBUG com.joliciel.talismane.sentenceAnnotators.SentenceAnnotatorLoader - RegexTokenAnnotator	[-+][1-9][0-9]*[,\.][0-9]+(e[-+]?[0-9]+)?\b	analysisText=999	featureType=number	lemmaType=originalLower
13:11:08.094 [main] DEBUG com.joliciel.talismane.sentenceAnnotators.SentenceAnnotatorLoader - RegexTokenAnnotator	[-+]0?[,\.][0-9]+(e[-+]?[0-9]+)?\b	analysisText=999	featureType=number	lemmaType=originalLower
13:11:08.094 [main] DEBUG com.joliciel.talismane.sentenceAnnotators.SentenceAnnotatorLoader - RegexTokenAnnotator	[-+]([1-9][0-9]{0,2}([ \.][0-9]{3})+)\b	analysisText=999	featureType=number	lemmaType=originalLower
13:11:08.094 [main] DEBUG com.joliciel.talismane.sentenceAnnotators.SentenceAnnotatorLoader - RegexTokenAnnotator	\b\d+ \d+/\d+\b	analysisText=999	featureType=number	lemmaType=originalLower
13:11:08.094 [main] DEBUG com.joliciel.talismane.sentenceAnnotators.SentenceAnnotatorLoader - RegexTokenAnnotator	[-+]\d+ \d+/\d+\b	analysisText=999	featureType=number	lemmaType=originalLower
13:11:08.095 [main] DEBUG com.joliciel.talismane.sentenceAnnotators.SentenceAnnotatorLoader - RegexTokenAnnotator	\b([12][0-9][0-9][0-9])-([12][0-9][0-9][0-9])\b	analysisText=1999-2000	featureType=date	lemmaType=originalLower
13:11:08.095 [main] DEBUG com.joliciel.talismane.sentenceAnnotators.SentenceAnnotatorLoader - RegexTokenAnnotator	\b([12][0-9][0-9][0-9])-([0-9][0-9])\b	analysisText=1999-2000	featureType=date	lemmaType=originalLower
13:11:08.095 [main] DEBUG com.joliciel.talismane.sentenceAnnotators.SentenceAnnotatorLoader - RegexTokenAnnotator	\b([12][0-9][0-9][0-9])\b	analysisText=1999	featureType=date	lemmaType=originalLower
13:11:08.095 [main] DEBUG com.joliciel.talismane.sentenceAnnotators.SentenceAnnotatorLoader - RegexTokenAnnotator	\b\d+\b	analysisText=999	featureType=number	lemmaType=originalLower
13:11:08.095 [main] DEBUG com.joliciel.talismane.sentenceAnnotators.SentenceAnnotatorLoader - RegexTokenAnnotator	[-+]\d+\b	analysisText=999	featureType=number	lemmaType=originalLower
13:11:08.095 [main] DEBUG com.joliciel.talismane.sentenceAnnotators.SentenceAnnotatorLoader - RegexTokenAnnotator	\b(deux|trois|quatre|cinq|six|sept|huit|neuf|dix|onze|douze|treize|quatorze|quinze|seize|vingt|trente|quarante|cinquante|soixante|septante|octante|huitante|nonante|cent|mille|un million|un milliard)([ \-](un|et[ \-]un|et[ \-]une|deux|trois|quatre|cinq|six|sept|huit|neuf|dix|onze|douze|treize|quatorze|quinze|seize|vingt|vingts|trente|quarante|cinquante|soixante|septante|octante|huitante|nonante|cent|cents|mille|milles|million|millions|milliard|milliards))*\b	analysisText=deux	featureType=number	lemmaType=originalLower
13:11:08.101 [main] DEBUG com.joliciel.talismane.sentenceAnnotators.SentenceAnnotatorLoader - 
13:11:08.102 [main] DEBUG com.joliciel.talismane.sentenceAnnotators.SentenceAnnotatorLoader - ##########################
13:11:08.102 [main] DEBUG com.joliciel.talismane.sentenceAnnotators.SentenceAnnotatorLoader - #### Grouping time expressions ####
13:11:08.102 [main] DEBUG com.joliciel.talismane.sentenceAnnotators.SentenceAnnotatorLoader - ##########################
13:11:08.102 [main] DEBUG com.joliciel.talismane.sentenceAnnotators.SentenceAnnotatorLoader - RegexTokenAnnotator	\blun\.	analysisText=lundi	replacement=lundi
13:11:08.102 [main] DEBUG com.joliciel.talismane.sentenceAnnotators.SentenceAnnotatorLoader - RegexTokenAnnotator	\bmar\.	analysisText=lundi	replacement=mardi
13:11:08.102 [main] DEBUG com.joliciel.talismane.sentenceAnnotators.SentenceAnnotatorLoader - RegexTokenAnnotator	\bmerc\.	analysisText=lundi	replacement=mercredi
13:11:08.103 [main] DEBUG com.joliciel.talismane.sentenceAnnotators.SentenceAnnotatorLoader - RegexTokenAnnotator	\bjeu\.	analysisText=lundi	replacement=jeudi
13:11:08.103 [main] DEBUG com.joliciel.talismane.sentenceAnnotators.SentenceAnnotatorLoader - RegexTokenAnnotator	\bven\.	analysisText=lundi	replacement=vendredi
13:11:08.103 [main] DEBUG com.joliciel.talismane.sentenceAnnotators.SentenceAnnotatorLoader - RegexTokenAnnotator	\bsam\.	analysisText=lundi	replacement=samedi
13:11:08.103 [main] DEBUG com.joliciel.talismane.sentenceAnnotators.SentenceAnnotatorLoader - RegexTokenAnnotator	\bdim\.	analysisText=lundi	replacement=dimanche
13:11:08.103 [main] DEBUG com.joliciel.talismane.sentenceAnnotators.SentenceAnnotatorLoader - RegexTokenAnnotator	\b(lundi|mardi|mercredi|jeudi|vendredi|samedi|dimanche)\b	analysisText=lundi
13:11:08.104 [main] DEBUG com.joliciel.talismane.sentenceAnnotators.SentenceAnnotatorLoader - RegexTokenAnnotator	\bjanv\.	analysisText=janvier	replacement=janvier
13:11:08.104 [main] DEBUG com.joliciel.talismane.sentenceAnnotators.SentenceAnnotatorLoader - RegexTokenAnnotator	\b(Jj]anvier|janv)\b	analysisText=janvier	replacement=janvier
13:11:08.105 [main] DEBUG com.joliciel.talismane.sentenceAnnotators.SentenceAnnotatorLoader - RegexTokenAnnotator	\bf[eé]v\.	analysisText=janvier	replacement=février
13:11:08.105 [main] DEBUG com.joliciel.talismane.sentenceAnnotators.SentenceAnnotatorLoader - RegexTokenAnnotator	\b(f[eé]vrier|f[eé]v)\b	analysisText=janvier	replacement=février
13:11:08.105 [main] DEBUG com.joliciel.talismane.sentenceAnnotators.SentenceAnnotatorLoader - RegexTokenAnnotator	\b(mars)\b	analysisText=janvier	replacement=mars
13:11:08.105 [main] DEBUG com.joliciel.talismane.sentenceAnnotators.SentenceAnnotatorLoader - RegexTokenAnnotator	\bavr\.	analysisText=janvier	replacement=avril
13:11:08.106 [main] DEBUG com.joliciel.talismane.sentenceAnnotators.SentenceAnnotatorLoader - RegexTokenAnnotator	\b(avril|avr)\b	analysisText=janvier	replacement=avril
13:11:08.106 [main] DEBUG com.joliciel.talismane.sentenceAnnotators.SentenceAnnotatorLoader - RegexTokenAnnotator	\b(mai)\b	analysisText=janvier	replacement=mai
13:11:08.106 [main] DEBUG com.joliciel.talismane.sentenceAnnotators.SentenceAnnotatorLoader - RegexTokenAnnotator	\b(juin)\b	analysisText=janvier	replacement=juin
13:11:08.106 [main] DEBUG com.joliciel.talismane.sentenceAnnotators.SentenceAnnotatorLoader - RegexTokenAnnotator	\bjuil\.	analysisText=janvier	replacement=juillet
13:11:08.106 [main] DEBUG com.joliciel.talismane.sentenceAnnotators.SentenceAnnotatorLoader - RegexTokenAnnotator	\b(juillet|juil)\b	analysisText=janvier	replacement=juillet
13:11:08.107 [main] DEBUG com.joliciel.talismane.sentenceAnnotators.SentenceAnnotatorLoader - RegexTokenAnnotator	\bao[uû]t\b	analysisText=janvier	replacement=août
13:11:08.107 [main] DEBUG com.joliciel.talismane.sentenceAnnotators.SentenceAnnotatorLoader - RegexTokenAnnotator	\bsept\.	analysisText=janvier	replacement=septembre
13:11:08.107 [main] DEBUG com.joliciel.talismane.sentenceAnnotators.SentenceAnnotatorLoader - RegexTokenAnnotator	\b(septembre|sept)\b	analysisText=janvier	replacement=septembre
13:11:08.107 [main] DEBUG com.joliciel.talismane.sentenceAnnotators.SentenceAnnotatorLoader - RegexTokenAnnotator	\boct\.	analysisText=janvier	replacement=octobre
13:11:08.107 [main] DEBUG com.joliciel.talismane.sentenceAnnotators.SentenceAnnotatorLoader - RegexTokenAnnotator	\b(octobre|oct)\b	analysisText=janvier	replacement=octobre
13:11:08.108 [main] DEBUG com.joliciel.talismane.sentenceAnnotators.SentenceAnnotatorLoader - RegexTokenAnnotator	\bnov\.	analysisText=janvier	replacement=novembre
13:11:08.108 [main] DEBUG com.joliciel.talismane.sentenceAnnotators.SentenceAnnotatorLoader - RegexTokenAnnotator	\b(novembre|nov)\b	analysisText=janvier	replacement=novembre
13:11:08.108 [main] DEBUG com.joliciel.talismane.sentenceAnnotators.SentenceAnnotatorLoader - RegexTokenAnnotator	\bd[eé]c\.	analysisText=janvier	replacement=décembre
13:11:08.108 [main] DEBUG com.joliciel.talismane.sentenceAnnotators.SentenceAnnotatorLoader - RegexTokenAnnotator	\b(d[eé]cembre|déc)\b	analysisText=janvier	replacement=décembre
13:11:08.109 [main] DEBUG com.joliciel.talismane.sentenceAnnotators.SentenceAnnotatorLoader - 
13:11:08.109 [main] DEBUG com.joliciel.talismane.sentenceAnnotators.SentenceAnnotatorLoader - ##############################
13:11:08.109 [main] DEBUG com.joliciel.talismane.sentenceAnnotators.SentenceAnnotatorLoader - # Punctuation
13:11:08.109 [main] DEBUG com.joliciel.talismane.sentenceAnnotators.SentenceAnnotatorLoader - 
13:11:08.109 [main] DEBUG com.joliciel.talismane.sentenceAnnotators.SentenceAnnotatorLoader - #### various quotes ####
13:11:08.110 [main] DEBUG com.joliciel.talismane.sentenceAnnotators.SentenceAnnotatorLoader - RegexTokenAnnotator	[“”„‟″‴]	replacement="	posTag=PONCT	featureType=punctuation
13:11:08.110 [main] DEBUG com.joliciel.talismane.sentenceAnnotators.SentenceAnnotatorLoader - RegexTokenAnnotator	(« )|«	replacement="	posTag=PONCT	featureType=punctuation
13:11:08.110 [main] DEBUG com.joliciel.talismane.sentenceAnnotators.SentenceAnnotatorLoader - RegexTokenAnnotator	( »)|»	replacement="	posTag=PONCT	featureType=punctuation
13:11:08.110 [main] DEBUG com.joliciel.talismane.sentenceAnnotators.SentenceAnnotatorLoader - 
13:11:08.110 [main] DEBUG com.joliciel.talismane.sentenceAnnotators.SentenceAnnotatorLoader - RegexTokenAnnotator	[•◦◘◙■□▢▣◆◇◈◉▪▫●○◎□▪▫◊○◌●◦•]	replacement=*	posTag=PONCT	featureType=punctuation
13:11:08.110 [main] DEBUG com.joliciel.talismane.sentenceAnnotators.SentenceAnnotatorLoader - 
13:11:08.110 [main] DEBUG com.joliciel.talismane.sentenceAnnotators.SentenceAnnotatorLoader - # Long dashes are assumed to always tokenise separately
13:11:08.111 [main] DEBUG com.joliciel.talismane.sentenceAnnotators.SentenceAnnotatorLoader - RegexTokenAnnotator	[‒–—―]	replacement=-	posTag=PONCT	featureType=punctuation
13:11:08.111 [main] DEBUG com.joliciel.talismane.sentenceAnnotators.SentenceAnnotatorLoader - 
13:11:08.111 [main] DEBUG com.joliciel.talismane.sentenceAnnotators.SentenceAnnotatorLoader - # General punctuation regex
13:11:08.111 [main] DEBUG com.joliciel.talismane.sentenceAnnotators.SentenceAnnotatorLoader - # Note that RegexAttributeAnnotators will only affect a token if the entire token is matched within the filter
13:11:08.111 [main] DEBUG com.joliciel.talismane.sentenceAnnotators.SentenceAnnotatorLoader - # In other words, if the token contains the match, the match has no effect
13:11:08.111 [main] DEBUG com.joliciel.talismane.sentenceAnnotators.SentenceAnnotatorLoader - # Thus, a token such as "j'" will not get the posTag for punctuation
13:11:08.111 [main] DEBUG com.joliciel.talismane.sentenceAnnotators.SentenceAnnotatorLoader - RegexTokenAnnotator	[.!?]+	posTag=PONCT	lemmaType=originalLower	featureType=punctuation
13:11:08.111 [main] DEBUG com.joliciel.talismane.sentenceAnnotators.SentenceAnnotatorLoader - RegexAttributeAnnotator	[\p{IsPunctuation}&&[^%$#@§¶‰‱]]+	posTag=PONCT	lemmaType=originalLower	featureType=punctuation
13:11:08.112 [main] DEBUG com.joliciel.talismane.sentenceAnnotators.SentenceAnnotatorLoader - 
13:11:08.112 [main] DEBUG com.joliciel.talismane.utils.ConfigUtils - Getting zip://./parseurs/FR/talismane5/talismane-distribution-5.1.2-bin/frenchLanguagePack-5.0.4.zip!token_filters.txt
13:11:08.112 [main] DEBUG com.joliciel.talismane.utils.ConfigUtils - Changed path to zip:///home/hermano/Bureau/boulot/cours/RI/2020/2_25-02-20/./parseurs/FR/talismane5/talismane-distribution-5.1.2-bin/frenchLanguagePack-5.0.4.zip!token_filters.txt
13:11:08.293 [main] DEBUG com.joliciel.talismane.utils.ConfigUtils - Getting talismane.core.fr.sentence-detector.model
13:11:08.293 [main] DEBUG com.joliciel.talismane.utils.ConfigUtils - Getting zip://./parseurs/FR/talismane5/talismane-distribution-5.1.2-bin/frenchLanguagePack-5.0.4.zip!sentence_spmrl_all_maxent_cut3.zip
13:11:08.293 [main] DEBUG com.joliciel.talismane.utils.ConfigUtils - Changed path to zip:///home/hermano/Bureau/boulot/cours/RI/2020/2_25-02-20/./parseurs/FR/talismane5/talismane-distribution-5.1.2-bin/frenchLanguagePack-5.0.4.zip!sentence_spmrl_all_maxent_cut3.zip
13:11:08.296 [main] DEBUG com.joliciel.talismane.machineLearning.MachineLearningModelFactory - config.txt
13:11:08.308 [main] DEBUG com.joliciel.talismane.machineLearning.MachineLearningModelFactory - feature_descriptors.txt
13:11:08.308 [main] DEBUG com.joliciel.talismane.machineLearning.MachineLearningModelFactory - attributes.obj
13:11:08.313 [main] DEBUG com.joliciel.talismane.machineLearning.MachineLearningModelFactory - externalResources.obj
13:11:08.313 [main] DEBUG com.joliciel.talismane.machineLearning.MachineLearningModelFactory - model.bin
13:11:08.391 [main] DEBUG com.joliciel.talismane.posTagger.ForwardStatisticalPosTagger - Getting pos-tagger model from zip://./parseurs/FR/talismane5/talismane-distribution-5.1.2-bin/frenchLanguagePack-5.0.4.zip!postag_spmrl_all_maxent_cut10.zip
13:11:08.392 [main] DEBUG com.joliciel.talismane.utils.ConfigUtils - Getting talismane.core.fr.pos-tagger.model
13:11:08.392 [main] DEBUG com.joliciel.talismane.utils.ConfigUtils - Getting zip://./parseurs/FR/talismane5/talismane-distribution-5.1.2-bin/frenchLanguagePack-5.0.4.zip!postag_spmrl_all_maxent_cut10.zip
13:11:08.392 [main] DEBUG com.joliciel.talismane.utils.ConfigUtils - Changed path to zip:///home/hermano/Bureau/boulot/cours/RI/2020/2_25-02-20/./parseurs/FR/talismane5/talismane-distribution-5.1.2-bin/frenchLanguagePack-5.0.4.zip!postag_spmrl_all_maxent_cut10.zip
13:11:08.393 [main] DEBUG com.joliciel.talismane.machineLearning.MachineLearningModelFactory - config.txt
13:11:08.395 [main] DEBUG com.joliciel.talismane.machineLearning.MachineLearningModelFactory - feature_descriptors.txt
13:11:08.395 [main] DEBUG com.joliciel.talismane.machineLearning.MachineLearningModelFactory - token_filter0_descriptors.txt
13:11:08.397 [main] DEBUG com.joliciel.talismane.machineLearning.MachineLearningModelFactory - attributes.obj
13:11:08.398 [main] DEBUG com.joliciel.talismane.machineLearning.MachineLearningModelFactory - externalResources.obj
13:11:08.398 [main] DEBUG com.joliciel.talismane.machineLearning.MachineLearningModelFactory - model.bin
13:11:08.762 [main] DEBUG com.joliciel.talismane.posTagger.features.PosTaggerFeatureParser - IfThenElseNull(X,Y)	NullIf(Not(X),Y)
13:11:08.778 [main] DEBUG com.joliciel.talismane.posTagger.features.PosTaggerFeatureParser - LemmaOrWord(X)	IfThenElse(IsNull(Lemma(X)),LexicalForm(X),Lemma(X))
13:11:08.779 [main] DEBUG com.joliciel.talismane.posTagger.features.PosTaggerFeatureParser - 
13:11:08.779 [main] DEBUG com.joliciel.talismane.posTagger.features.PosTaggerFeatureParser - # one token features (custom)
13:11:08.779 [main] DEBUG com.joliciel.talismane.posTagger.features.PosTaggerFeatureParser - First	OnlyTrue(FirstWordInSentence())
13:11:08.780 [main] DEBUG com.joliciel.talismane.posTagger.features.PosTaggerFeatureParser - Last	OnlyTrue(LastWordInSentence())
13:11:08.780 [main] DEBUG com.joliciel.talismane.posTagger.features.PosTaggerFeatureParser - ContainsSpace	OnlyTrue(Regex(".+ .+"))
13:11:08.781 [main] DEBUG com.joliciel.talismane.posTagger.features.PosTaggerFeatureParser - ContainsPeriod	OnlyTrue(Regex(".*[^.]\.[^.].*"))
13:11:08.781 [main] DEBUG com.joliciel.talismane.posTagger.features.PosTaggerFeatureParser - EndsWithPeriod	OnlyTrue(Regex("(.*[^.])\."))
13:11:08.781 [main] DEBUG com.joliciel.talismane.posTagger.features.PosTaggerFeatureParser - ContainsHyphen	OnlyTrue(Regex(".+\-.+"))
13:11:08.782 [main] DEBUG com.joliciel.talismane.posTagger.features.PosTaggerFeatureParser - ContainsNumber	OnlyTrue(Regex(".*\d.*"))
13:11:08.782 [main] DEBUG com.joliciel.talismane.posTagger.features.PosTaggerFeatureParser - FirstLetterCapsSimple	OnlyTrue(Regex("[A-Z].*"))
13:11:08.782 [main] DEBUG com.joliciel.talismane.posTagger.features.PosTaggerFeatureParser - FirstLetterCaps	OnlyTrue(Regex("[A-Z][^A-Z].*"))
13:11:08.782 [main] DEBUG com.joliciel.talismane.posTagger.features.PosTaggerFeatureParser - FirstWordInCompoundOrWord	IfThenElse(ContainsSpace(),FirstWordInCompound(),WordForm())
13:11:08.783 [main] DEBUG com.joliciel.talismane.posTagger.features.PosTaggerFeatureParser - LastWordInCompound()
13:11:08.784 [main] DEBUG com.joliciel.talismane.posTagger.features.PosTaggerFeatureParser - IsNumeric	OnlyTrue(Regex("\d+(,\d+)?"))
13:11:08.784 [main] DEBUG com.joliciel.talismane.posTagger.features.PosTaggerFeatureParser - AllCaps	OnlyTrue(Regex("[A-Z '\-]+") & Regex(".*[A-Z][A-Z].*"))
13:11:08.784 [main] DEBUG com.joliciel.talismane.posTagger.features.PosTaggerFeatureParser - Pref	NLetterPrefix(IndexRange(2,5))
13:11:08.785 [main] DEBUG com.joliciel.talismane.posTagger.features.PosTaggerFeatureParser - Suf	NLetterSuffix(IndexRange(2,5))
13:11:08.786 [main] DEBUG com.joliciel.talismane.posTagger.features.PosTaggerFeatureParser - 
13:11:08.786 [main] DEBUG com.joliciel.talismane.posTagger.features.PosTaggerFeatureParser - # one token features
13:11:08.786 [main] DEBUG com.joliciel.talismane.posTagger.features.PosTaggerFeatureParser - Wb2()	WordForm(Offset(-2))
13:11:08.787 [main] DEBUG com.joliciel.talismane.posTagger.features.PosTaggerFeatureParser - Wb1	WordForm(Offset(-1))
13:11:08.787 [main] DEBUG com.joliciel.talismane.posTagger.features.PosTaggerFeatureParser - W0	WordForm()
13:11:08.787 [main] DEBUG com.joliciel.talismane.posTagger.features.PosTaggerFeatureParser - Wf1	WordForm(Offset(1))
13:11:08.787 [main] DEBUG com.joliciel.talismane.posTagger.features.PosTaggerFeatureParser - Wf2()	WordForm(Offset(2))
13:11:08.788 [main] DEBUG com.joliciel.talismane.posTagger.features.PosTaggerFeatureParser - Pb2()	PosTag(History(-2))
13:11:08.788 [main] DEBUG com.joliciel.talismane.posTagger.features.PosTaggerFeatureParser - Pb1	PosTag(History(-1))
13:11:08.788 [main] DEBUG com.joliciel.talismane.posTagger.features.PosTaggerFeatureParser - P0prime	LexiconPosTags()
13:11:08.789 [main] DEBUG com.joliciel.talismane.posTagger.features.PosTaggerFeatureParser - P0	LexiconPosTagsForString(IfThenElse(UnknownWord&NullToFalse(ContainsSpace),FirstWordInCompound,WordForm))
13:11:08.789 [main] DEBUG com.joliciel.talismane.posTagger.features.PosTaggerFeatureParser - Pf1	LexiconPosTags(Offset(1))
13:11:08.790 [main] DEBUG com.joliciel.talismane.posTagger.features.PosTaggerFeatureParser - Pf2()	LexiconPosTags(Offset(2))
13:11:08.790 [main] DEBUG com.joliciel.talismane.posTagger.features.PosTaggerFeatureParser - Lb1	LemmaOrWord(History(-1))
13:11:08.790 [main] DEBUG com.joliciel.talismane.posTagger.features.PosTaggerFeatureParser - Lb2()	LemmaOrWord(History(-2))
13:11:08.791 [main] DEBUG com.joliciel.talismane.posTagger.features.PosTaggerFeatureParser - L0	P0 || LemmaForPosTag(P0)
13:11:08.792 [main] DEBUG com.joliciel.talismane.posTagger.features.PosTaggerFeatureParser - Lf1	Pf1 || LemmaForPosTag(Offset(1), LexiconPosTags(Offset(1)))
13:11:08.792 [main] DEBUG com.joliciel.talismane.posTagger.features.PosTaggerFeatureParser - Lf2()	Pf2 || LemmaForPosTag(Offset(2), LexiconPosTags(Offset(2)))
13:11:08.793 [main] DEBUG com.joliciel.talismane.posTagger.features.PosTaggerFeatureParser - A0	LexiconAllPosTags()
13:11:08.793 [main] DEBUG com.joliciel.talismane.posTagger.features.PosTaggerFeatureParser - Af1	LexiconAllPosTags(Offset(1))
13:11:08.793 [main] DEBUG com.joliciel.talismane.posTagger.features.PosTaggerFeatureParser - Af2()	LexiconAllPosTags(Offset(2))
13:11:08.793 [main] DEBUG com.joliciel.talismane.posTagger.features.PosTaggerFeatureParser - U0	ToString(OnlyTrue(UnknownWord()))
13:11:08.794 [main] DEBUG com.joliciel.talismane.posTagger.features.PosTaggerFeatureParser - Uf1	ToString(OnlyTrue(UnknownWord(Offset(1))))
13:11:08.794 [main] DEBUG com.joliciel.talismane.posTagger.features.PosTaggerFeatureParser - 1stb1()	ToString(OnlyTrue(FirstWordInSentence(Offset(-1))))
13:11:08.794 [main] DEBUG com.joliciel.talismane.posTagger.features.PosTaggerFeatureParser - 
13:11:08.794 [main] DEBUG com.joliciel.talismane.posTagger.features.PosTaggerFeatureParser - # two token features
13:11:08.794 [main] DEBUG com.joliciel.talismane.posTagger.features.PosTaggerFeatureParser - 1sb1_Pb1	1stb1 || Pb1
13:11:08.795 [main] DEBUG com.joliciel.talismane.posTagger.features.PosTaggerFeatureParser - 1sb1_Lb1	1stb1 || Lb1
13:11:08.795 [main] DEBUG com.joliciel.talismane.posTagger.features.PosTaggerFeatureParser - Pb2_Pb1	Pb2 || Pb1
13:11:08.795 [main] DEBUG com.joliciel.talismane.posTagger.features.PosTaggerFeatureParser - Pb2_Lb1	Pb2 || Lb1
13:11:08.795 [main] DEBUG com.joliciel.talismane.posTagger.features.PosTaggerFeatureParser - Lb2_Lb1	Lb2 || Lb1
13:11:08.796 [main] DEBUG com.joliciel.talismane.posTagger.features.PosTaggerFeatureParser - Lb2_Pb1	Lb2 || Pb1
13:11:08.796 [main] DEBUG com.joliciel.talismane.posTagger.features.PosTaggerFeatureParser - 
13:11:08.796 [main] DEBUG com.joliciel.talismane.posTagger.features.PosTaggerFeatureParser - Pb1_W0	Pb1 || W0
13:11:08.796 [main] DEBUG com.joliciel.talismane.posTagger.features.PosTaggerFeatureParser - Pb1_U0	Pb1 || U0
13:11:08.796 [main] DEBUG com.joliciel.talismane.posTagger.features.PosTaggerFeatureParser - Lb1_W0	Lb1 || W0
13:11:08.796 [main] DEBUG com.joliciel.talismane.posTagger.features.PosTaggerFeatureParser - Lb1_U0	Lb1 || U0
13:11:08.797 [main] DEBUG com.joliciel.talismane.posTagger.features.PosTaggerFeatureParser - 1st_W0	ToString(First) || W0
13:11:08.797 [main] DEBUG com.joliciel.talismane.posTagger.features.PosTaggerFeatureParser - 1st_P0	ToString(First) || P0
13:11:08.797 [main] DEBUG com.joliciel.talismane.posTagger.features.PosTaggerFeatureParser - 
13:11:08.797 [main] DEBUG com.joliciel.talismane.posTagger.features.PosTaggerFeatureParser - W0_Wf1	W0 || Wf1
13:11:08.798 [main] DEBUG com.joliciel.talismane.posTagger.features.PosTaggerFeatureParser - W0_Pf1	W0 || Pf1
13:11:08.798 [main] DEBUG com.joliciel.talismane.posTagger.features.PosTaggerFeatureParser - W0_Lf1	W0 || Lf1
13:11:08.799 [main] DEBUG com.joliciel.talismane.posTagger.features.PosTaggerFeatureParser - W0_Af1	W0 || Af1
13:11:08.799 [main] DEBUG com.joliciel.talismane.posTagger.features.PosTaggerFeatureParser - W0_Uf1	W0 || Uf1
13:11:08.799 [main] DEBUG com.joliciel.talismane.posTagger.features.PosTaggerFeatureParser - U0_Wf1	U0 || Wf1
13:11:08.799 [main] DEBUG com.joliciel.talismane.posTagger.features.PosTaggerFeatureParser - U0_Pf1	U0 || Pf1
13:11:08.799 [main] DEBUG com.joliciel.talismane.posTagger.features.PosTaggerFeatureParser - U0_Lf1	U0 || Lf1
13:11:08.800 [main] DEBUG com.joliciel.talismane.posTagger.features.PosTaggerFeatureParser - U0_Af1	U0 || Af1
13:11:08.800 [main] DEBUG com.joliciel.talismane.posTagger.features.PosTaggerFeatureParser - U0_Uf1	U0 || Uf1
13:11:08.800 [main] DEBUG com.joliciel.talismane.posTagger.features.PosTaggerFeatureParser - 
13:11:08.800 [main] DEBUG com.joliciel.talismane.posTagger.features.PosTaggerFeatureParser - # three token features
13:11:08.800 [main] DEBUG com.joliciel.talismane.posTagger.features.PosTaggerFeatureParser - 1stb1_Pb1_W0	1stb1 || Pb1 || W0
13:11:08.800 [main] DEBUG com.joliciel.talismane.posTagger.features.PosTaggerFeatureParser - 1stb1_Lb1_W0	1stb1 || Lb1 || W0
13:11:08.801 [main] DEBUG com.joliciel.talismane.posTagger.features.PosTaggerFeatureParser - Pb2_Pb1_W0	Pb2 || Pb1 || W0
13:11:08.801 [main] DEBUG com.joliciel.talismane.posTagger.features.PosTaggerFeatureParser - Pb2_Lb1_W0	Pb2 || Lb1 || W0
13:11:08.801 [main] DEBUG com.joliciel.talismane.posTagger.features.PosTaggerFeatureParser - Lb2_Lb1_W0	Lb2 || Lb1 || W0
13:11:08.801 [main] DEBUG com.joliciel.talismane.posTagger.features.PosTaggerFeatureParser - Lb2_Pb1_W0	Lb2 || Pb1 || W0
13:11:08.802 [main] DEBUG com.joliciel.talismane.posTagger.features.PosTaggerFeatureParser - Pb1_W0_Wf1	Pb1 || W0 || Wf1
13:11:08.802 [main] DEBUG com.joliciel.talismane.posTagger.features.PosTaggerFeatureParser - Pb1_W0_Pf1	Pb1 || W0 || Pf1
13:11:08.802 [main] DEBUG com.joliciel.talismane.posTagger.features.PosTaggerFeatureParser - Pb1_W0_Lf1	Pb1 || W0 || Lf1
13:11:08.803 [main] DEBUG com.joliciel.talismane.posTagger.features.PosTaggerFeatureParser - Lb1_W0_Wf1	Lb1 || W0 || Wf1
13:11:08.803 [main] DEBUG com.joliciel.talismane.posTagger.features.PosTaggerFeatureParser - Lb1_W0_Pf1	Lb1 || W0 || Pf1
13:11:08.803 [main] DEBUG com.joliciel.talismane.posTagger.features.PosTaggerFeatureParser - Lb1_W0_Lf1	Lb1 || W0 || Lf1
13:11:08.803 [main] DEBUG com.joliciel.talismane.posTagger.features.PosTaggerFeatureParser - W0_Wf1_Wf2	W0 || Wf1 || Wf2
13:11:08.804 [main] DEBUG com.joliciel.talismane.posTagger.features.PosTaggerFeatureParser - W0_Wf1_Af2	W0 || Wf1 || Af2
13:11:08.804 [main] DEBUG com.joliciel.talismane.posTagger.features.PosTaggerFeatureParser - W0_Af1_Wf2	W0 || Af1 || Wf2
13:11:08.804 [main] DEBUG com.joliciel.talismane.posTagger.features.PosTaggerFeatureParser - W0_Af1_Af2	W0 || Af1 || Af2
13:11:08.805 [main] DEBUG com.joliciel.talismane.posTagger.ForwardStatisticalPosTagger - From: zip://./parseurs/FR/talismane5/talismane-distribution-5.1.2-bin/frenchLanguagePack-5.0.4.zip!posTaggerConstraints_fr.txt
13:11:08.805 [main] DEBUG com.joliciel.talismane.utils.ConfigUtils - Getting zip://./parseurs/FR/talismane5/talismane-distribution-5.1.2-bin/frenchLanguagePack-5.0.4.zip!posTaggerConstraints_fr.txt
13:11:08.805 [main] DEBUG com.joliciel.talismane.utils.ConfigUtils - Changed path to zip:///home/hermano/Bureau/boulot/cours/RI/2020/2_25-02-20/./parseurs/FR/talismane5/talismane-distribution-5.1.2-bin/frenchLanguagePack-5.0.4.zip!posTaggerConstraints_fr.txt
13:11:08.806 [main] DEBUG com.joliciel.talismane.posTagger.features.PosTaggerFeatureParser - ###### CONSTRAINTS ######
13:11:08.806 [main] DEBUG com.joliciel.talismane.posTagger.features.PosTaggerFeatureParser - !ADVWH	Not(LexiconPosTag("ADVWH"))
13:11:08.807 [main] DEBUG com.joliciel.talismane.posTagger.features.PosTaggerFeatureParser - !CC	Not(LexiconPosTag("CC"))
13:11:08.807 [main] DEBUG com.joliciel.talismane.posTagger.features.PosTaggerFeatureParser - !CLO	Not(LexiconPosTag("CLO"))
13:11:08.807 [main] DEBUG com.joliciel.talismane.posTagger.features.PosTaggerFeatureParser - !CLR	Not(LexiconPosTag("CLR"))
13:11:08.807 [main] DEBUG com.joliciel.talismane.posTagger.features.PosTaggerFeatureParser - !CLS	Not(LexiconPosTag("CLS"))
13:11:08.808 [main] DEBUG com.joliciel.talismane.posTagger.features.PosTaggerFeatureParser - !CS	Not(LexiconPosTag("CS"))
13:11:08.808 [main] DEBUG com.joliciel.talismane.posTagger.features.PosTaggerFeatureParser - !DET	Not(LexiconPosTag("DET"))
13:11:08.808 [main] DEBUG com.joliciel.talismane.posTagger.features.PosTaggerFeatureParser - !DETWH	Not(LexiconPosTag("DETWH"))
13:11:08.808 [main] DEBUG com.joliciel.talismane.posTagger.features.PosTaggerFeatureParser - #!null	Not(LexiconPosTag("null"))
13:11:08.808 [main] DEBUG com.joliciel.talismane.posTagger.features.PosTaggerFeatureParser - !P	Not(LexiconPosTag("P"))
13:11:08.808 [main] DEBUG com.joliciel.talismane.posTagger.features.PosTaggerFeatureParser - !P+D	Not(LexiconPosTag("P+D"))
13:11:08.809 [main] DEBUG com.joliciel.talismane.posTagger.features.PosTaggerFeatureParser - !P+PRO	Not(LexiconPosTag("P+PRO"))
13:11:08.809 [main] DEBUG com.joliciel.talismane.posTagger.features.PosTaggerFeatureParser - !PONCT	Not(LexiconPosTag("PONCT"))
13:11:08.809 [main] DEBUG com.joliciel.talismane.posTagger.features.PosTaggerFeatureParser - !PRO	Not(LexiconPosTag("PRO"))
13:11:08.809 [main] DEBUG com.joliciel.talismane.posTagger.features.PosTaggerFeatureParser - !PROREL	Not(LexiconPosTag("PROREL"))
13:11:08.809 [main] DEBUG com.joliciel.talismane.posTagger.features.PosTaggerFeatureParser - !PROWH	Not(LexiconPosTag("PROWH"))
13:11:08.810 [main] DEBUG com.joliciel.talismane.posTagger.features.PosTaggerFeatureParser - !NPP	HasClosedClassesOnly()
13:11:08.810 [main] DEBUG com.joliciel.talismane.posTagger.features.PosTaggerFeatureParser - !NC	HasClosedClassesOnly()
13:11:08.810 [main] DEBUG com.joliciel.talismane.posTagger.features.PosTaggerFeatureParser - !ADJ	HasClosedClassesOnly()
13:11:08.810 [main] DEBUG com.joliciel.talismane.posTagger.features.PosTaggerFeatureParser - !ADV	HasClosedClassesOnly()
13:11:08.810 [main] DEBUG com.joliciel.talismane.posTagger.features.PosTaggerFeatureParser - !PREF	HasClosedClassesOnly()
13:11:08.810 [main] DEBUG com.joliciel.talismane.posTagger.features.PosTaggerFeatureParser - !PREF	Not(Regex(".+\-"))
13:11:08.811 [main] DEBUG com.joliciel.talismane.posTagger.features.PosTaggerFeatureParser - !V	HasClosedClassesOnly()
13:11:08.811 [main] DEBUG com.joliciel.talismane.posTagger.features.PosTaggerFeatureParser - !VIMP	HasClosedClassesOnly()
13:11:08.811 [main] DEBUG com.joliciel.talismane.posTagger.features.PosTaggerFeatureParser - !VINF	HasClosedClassesOnly()
13:11:08.811 [main] DEBUG com.joliciel.talismane.posTagger.features.PosTaggerFeatureParser - !VPP	HasClosedClassesOnly()
13:11:08.811 [main] DEBUG com.joliciel.talismane.posTagger.features.PosTaggerFeatureParser - !VPR	HasClosedClassesOnly()
13:11:08.812 [main] DEBUG com.joliciel.talismane.posTagger.features.PosTaggerFeatureParser - !VS	HasClosedClassesOnly()
13:11:08.812 [main] DEBUG com.joliciel.talismane.posTagger.features.PosTaggerFeatureParser - !ET	HasClosedClassesOnly()
13:11:08.812 [main] DEBUG com.joliciel.talismane.posTagger.features.PosTaggerFeatureParser - !I	HasClosedClassesOnly()
13:11:08.814 [main] DEBUG com.joliciel.talismane.parser.TransitionBasedParser - Getting parser model from zip://./parseurs/FR/talismane5/talismane-distribution-5.1.2-bin/frenchLanguagePack-5.0.4.zip!parser_spmrl_all_maxent_cut7.zip
13:11:08.814 [main] DEBUG com.joliciel.talismane.utils.ConfigUtils - Getting talismane.core.fr.parser.model
13:11:08.814 [main] DEBUG com.joliciel.talismane.utils.ConfigUtils - Getting zip://./parseurs/FR/talismane5/talismane-distribution-5.1.2-bin/frenchLanguagePack-5.0.4.zip!parser_spmrl_all_maxent_cut7.zip
13:11:08.814 [main] DEBUG com.joliciel.talismane.utils.ConfigUtils - Changed path to zip:///home/hermano/Bureau/boulot/cours/RI/2020/2_25-02-20/./parseurs/FR/talismane5/talismane-distribution-5.1.2-bin/frenchLanguagePack-5.0.4.zip!parser_spmrl_all_maxent_cut7.zip
13:11:08.815 [main] DEBUG com.joliciel.talismane.machineLearning.MachineLearningModelFactory - config.txt
13:11:08.817 [main] DEBUG com.joliciel.talismane.machineLearning.MachineLearningModelFactory - feature_descriptors.txt
13:11:08.818 [main] DEBUG com.joliciel.talismane.machineLearning.MachineLearningModelFactory - token_filter0_descriptors.txt
13:11:08.820 [main] DEBUG com.joliciel.talismane.machineLearning.MachineLearningModelFactory - attributes.obj
13:11:08.820 [main] DEBUG com.joliciel.talismane.machineLearning.MachineLearningModelFactory - externalResources.obj
13:11:08.820 [main] DEBUG com.joliciel.talismane.machineLearning.MachineLearningModelFactory - model.bin
13:11:10.880 [main] DEBUG com.joliciel.talismane.rawText.RollingTextBlock - roll
13:11:10.880 [main] DEBUG com.joliciel.talismane.rawText.RollingTextBlock - nextText: ¶	Quelle famille !¶	Les trois petits loups et le grand méchant cochon¶
13:11:10.880 [main] DEBUG com.joliciel.talismane.rawText.RawTextProcessor - processText
13:11:10.881 [main] DEBUG com.joliciel.talismane.rawText.RollingTextBlock - Created new sentenceHolder3 at 110053477 with file null
13:11:10.881 [main] DEBUG com.joliciel.talismane.rawText.RollingTextBlock - After roll: 
13:11:10.881 [main] DEBUG com.joliciel.talismane.rawText.RollingTextBlock - block1: 
13:11:10.881 [main] DEBUG com.joliciel.talismane.rawText.RollingTextBlock - block2: 
13:11:10.881 [main] DEBUG com.joliciel.talismane.rawText.RollingTextBlock - block3: 
13:11:10.881 [main] DEBUG com.joliciel.talismane.rawText.RollingTextBlock - block4: ¶	Quelle famille !¶	Les trois petits loups et le grand méchant cochon¶
13:11:10.881 [main] DEBUG com.joliciel.talismane.rawText.RollingTextBlock - sentenceHolder1 at 1209411469 file null
13:11:10.881 [main] DEBUG com.joliciel.talismane.rawText.RollingTextBlock - sentenceHolder2 at 110053477 file null
13:11:10.885 [main] DEBUG com.joliciel.talismane.rawText.RawTextProcessor - processText
13:11:10.885 [main] DEBUG com.joliciel.talismane.rawText.RollingTextBlock - Created new sentenceHolder3 at 970535245 with file null
13:11:10.886 [main] DEBUG com.joliciel.talismane.sentenceDetector.SentenceDetector - detectSentences
13:11:10.893 [main] DEBUG com.joliciel.talismane.sentenceDetector.SentenceDetector - guessedBoundaries : []
13:11:10.893 [main] DEBUG com.joliciel.talismane.rawText.RollingTextBlock - roll
13:11:10.893 [main] DEBUG com.joliciel.talismane.rawText.RollingTextBlock - nextText: 
13:11:10.893 [main] DEBUG com.joliciel.talismane.rawText.RollingTextBlock - After roll: 
13:11:10.893 [main] DEBUG com.joliciel.talismane.rawText.RollingTextBlock - block1: 
13:11:10.893 [main] DEBUG com.joliciel.talismane.rawText.RollingTextBlock - block2: 
13:11:10.893 [main] DEBUG com.joliciel.talismane.rawText.RollingTextBlock - block3: ¶	Quelle famille !¶	Les trois petits loups et le grand méchant cochon¶
13:11:10.893 [main] DEBUG com.joliciel.talismane.rawText.RollingTextBlock - block4: 
13:11:10.893 [main] DEBUG com.joliciel.talismane.rawText.RollingTextBlock - sentenceHolder1 at 110053477 file null
13:11:10.893 [main] DEBUG com.joliciel.talismane.rawText.RollingTextBlock - sentenceHolder2 at 970535245 file null
13:11:10.894 [main] DEBUG com.joliciel.talismane.rawText.RawTextRegexAnnotator - For regex: ¶¶|[¶¶]
13:11:10.895 [main] DEBUG com.joliciel.talismane.rawText.RawTextRegexAnnotator - Added annotations: [Annotation [start=0, end=1, data=RawTextSkipMarker [type=SKIP, source=RegexMarkerFilter [filterTypes=[SKIP, SENTENCE_BREAK], regex=¶¶|[¶¶], groupIndex=0, replacement=null], insertionText=null]], Annotation [start=0, end=1, data=RawTextSentenceBreakMarker [type=SENTENCE_BREAK, source=RegexMarkerFilter [filterTypes=[SKIP, SENTENCE_BREAK], regex=¶¶|[¶¶], groupIndex=0, replacement=null], insertionText=null]], Annotation [start=18, end=19, data=RawTextSkipMarker [type=SKIP, source=RegexMarkerFilter [filterTypes=[SKIP, SENTENCE_BREAK], regex=¶¶|[¶¶], groupIndex=0, replacement=null], insertionText=null]], Annotation [start=18, end=19, data=RawTextSentenceBreakMarker [type=SENTENCE_BREAK, source=RegexMarkerFilter [filterTypes=[SKIP, SENTENCE_BREAK], regex=¶¶|[¶¶], groupIndex=0, replacement=null], insertionText=null]], Annotation [start=69, end=70, data=RawTextSkipMarker [type=SKIP, source=RegexMarkerFilter [filterTypes=[SKIP, SENTENCE_BREAK], regex=¶¶|[¶¶], groupIndex=0, replacement=null], insertionText=null]], Annotation [start=69, end=70, data=RawTextSentenceBreakMarker [type=SENTENCE_BREAK, source=RegexMarkerFilter [filterTypes=[SKIP, SENTENCE_BREAK], regex=¶¶|[¶¶], groupIndex=0, replacement=null], insertionText=null]]]
13:11:10.895 [main] DEBUG com.joliciel.talismane.rawText.RawTextRegexAnnotator - For regex: [\s﻿]([\s﻿]+)
13:11:10.895 [main] DEBUG com.joliciel.talismane.rawText.RawTextRegexAnnotator - Added annotations: [Annotation [start=1, end=2, data=RawTextSkipMarker [type=SKIP, source=RegexMarkerFilter [filterTypes=[SKIP], regex=[\s﻿]([\s﻿]+), groupIndex=1, replacement=null], insertionText=null]], Annotation [start=19, end=20, data=RawTextSkipMarker [type=SKIP, source=RegexMarkerFilter [filterTypes=[SKIP], regex=[\s﻿]([\s﻿]+), groupIndex=1, replacement=null], insertionText=null]]]
13:11:10.896 [main] DEBUG com.joliciel.talismane.rawText.RawTextRegexAnnotator - For regex: [\t            ​  　﻿]
13:11:10.896 [main] DEBUG com.joliciel.talismane.rawText.RawTextRegexAnnotator - Added annotations: [Annotation [start=1, end=2, data=RawTextReplaceMarker [type=REPLACE, source=RegexMarkerFilter [filterTypes=[REPLACE], regex=[\t            ​  　﻿], groupIndex=0, replacement= ], insertionText= ]], Annotation [start=19, end=20, data=RawTextReplaceMarker [type=REPLACE, source=RegexMarkerFilter [filterTypes=[REPLACE], regex=[\t            ​  　﻿], groupIndex=0, replacement= ], insertionText= ]]]
13:11:10.899 [main] DEBUG com.joliciel.talismane.rawText.RawTextProcessor - processText
13:11:10.913 [main] DEBUG com.joliciel.talismane.rawText.RollingTextBlock - Created new sentenceHolder3 at 541285440 with file null
13:11:10.913 [main] DEBUG com.joliciel.talismane.sentenceDetector.SentenceDetector - detectSentences
13:11:10.913 [main] DEBUG com.joliciel.talismane.sentenceDetector.SentenceDetector - guessedBoundaries : []
13:11:10.913 [main] DEBUG com.joliciel.talismane.rawText.RollingTextBlock - roll
13:11:10.913 [main] DEBUG com.joliciel.talismane.rawText.RollingTextBlock - nextText: 
13:11:10.913 [main] DEBUG com.joliciel.talismane.rawText.RollingTextBlock - After roll: 
13:11:10.913 [main] DEBUG com.joliciel.talismane.rawText.RollingTextBlock - block1: 
13:11:10.913 [main] DEBUG com.joliciel.talismane.rawText.RollingTextBlock - block2: ¶	Quelle famille !¶	Les trois petits loups et le grand méchant cochon¶
13:11:10.913 [main] DEBUG com.joliciel.talismane.rawText.RollingTextBlock - block3: 
13:11:10.913 [main] DEBUG com.joliciel.talismane.rawText.RollingTextBlock - block4: 
13:11:10.913 [main] DEBUG com.joliciel.talismane.rawText.RollingTextBlock - sentenceHolder1 at 970535245 file null
13:11:10.913 [main] DEBUG com.joliciel.talismane.rawText.RollingTextBlock - sentenceHolder2 at 541285440 file null
13:11:10.913 [main] DEBUG com.joliciel.talismane.rawText.RawTextProcessor - processText
13:11:10.913 [main] DEBUG com.joliciel.talismane.rawText.RollingTextBlock - Created new sentenceHolder3 at 1463355115 with file null
13:11:10.914 [main] DEBUG com.joliciel.talismane.sentenceDetector.SentenceDetector - detectSentences
13:11:10.920 [main] DEBUG com.joliciel.talismane.sentenceDetector.SentenceDetector - guessedBoundaries : [0, 17, 68]
13:11:10.921 [main] DEBUG com.joliciel.talismane.rawText.RollingTextBlock - roll
13:11:10.921 [main] DEBUG com.joliciel.talismane.rawText.RollingTextBlock - nextText: 
13:11:10.921 [main] DEBUG com.joliciel.talismane.rawText.RollingTextBlock - After roll: 
13:11:10.921 [main] DEBUG com.joliciel.talismane.rawText.RollingTextBlock - block1: ¶	Quelle famille !¶	Les trois petits loups et le grand méchant cochon¶
13:11:10.921 [main] DEBUG com.joliciel.talismane.rawText.RollingTextBlock - block2: 
13:11:10.921 [main] DEBUG com.joliciel.talismane.rawText.RollingTextBlock - block3: 
13:11:10.921 [main] DEBUG com.joliciel.talismane.rawText.RollingTextBlock - block4: 
13:11:10.921 [main] DEBUG com.joliciel.talismane.rawText.RollingTextBlock - sentenceHolder1 at 541285440 file null
13:11:10.921 [main] DEBUG com.joliciel.talismane.rawText.RollingTextBlock - sentenceHolder2 at 1463355115 file null
13:11:10.921 [main] DEBUG com.joliciel.talismane.rawText.RawTextProcessor - processText
13:11:10.921 [main] DEBUG com.joliciel.talismane.rawText.RollingTextBlock - Created new sentenceHolder3 at 94157402 with file null
13:11:10.921 [main] DEBUG com.joliciel.talismane.sentenceDetector.SentenceDetector - detectSentences
13:11:10.921 [main] DEBUG com.joliciel.talismane.sentenceDetector.SentenceDetector - guessedBoundaries : []
13:11:10.921 [main] DEBUG com.joliciel.talismane.Talismane - Sentence: SentenceImpl [text=Quelle famille !]
13:11:10.927 [main] DEBUG com.joliciel.talismane.tokeniser.Tokeniser - ####Final token sequences:
13:11:12.421 [main] DEBUG com.joliciel.talismane.tokeniser.Tokeniser - Token sequence 1
13:11:12.422 [main] DEBUG com.joliciel.talismane.tokeniser.Tokeniser - Atomic sequence: Sequence: Quelle|SEPARATE|0| prob=1,0000 |SEPARATE|1| prob=1,0000famille|SEPARATE|1| prob=1,0000 |SEPARATE|2| prob=1,0000!|SEPARATE|2| prob=1,0000
13:11:12.422 [main] DEBUG com.joliciel.talismane.tokeniser.Tokeniser - Resulting sequence: |Quelle| |famille| |!|
13:11:12.431 [main] DEBUG com.joliciel.talismane.posTagger.ForwardStatisticalPosTagger - ####Final postag sequences:
13:11:12.431 [main] DEBUG com.joliciel.talismane.posTagger.ForwardStatisticalPosTagger - Sequence 1, score=0,8979
13:11:12.431 [main] DEBUG com.joliciel.talismane.posTagger.ForwardStatisticalPosTagger - Sequence: Sequence: quelle|DETWH|0, famille|NC|1, !|PONCT|2, 
13:11:12.433 [main] DEBUG com.joliciel.talismane.parser.TransitionBasedParser - Adding initial posTagSequence: Sequence: [ROOT]|root|0, quelle|DETWH|1, famille|NC|2, !|PONCT|3, 
13:11:12.446 [main] DEBUG com.joliciel.talismane.parser.TransitionBasedParser - 0,2339: Stack[[ROOT]|root|0,famille|NC|2,!|PONCT|3]. Buffer[] Deps[Dep[famille|NC|2,det,quelle|DETWH|1],Dep[famille|NC|2,ponct,!|PONCT|3],]
13:11:12.446 [main] DEBUG com.joliciel.talismane.parser.TransitionBasedParser - Pos tag sequence: Sequence: [ROOT]|root|0, quelle|DETWH|1, famille|NC|2, !|PONCT|3, 
13:11:12.446 [main] DEBUG com.joliciel.talismane.parser.TransitionBasedParser - Transitions: [Shift, LeftArc[det], Shift, RightArc[ponct]]
13:11:12.446 [main] DEBUG com.joliciel.talismane.parser.TransitionBasedParser - Decisions: [Decision [Shift,0,2663], Decision [LeftArc[det],0,5389], Decision [Shift,0,2156], Decision [RightArc[ponct],0,1489]]
13:11:12.540 [main] DEBUG com.joliciel.talismane.Talismane - Sentence: SentenceImpl [text=Les trois petits loups et le grand méchant cochon]
13:11:12.545 [main] DEBUG com.joliciel.talismane.tokeniser.Tokeniser - ####Final token sequences:
13:11:12.545 [main] DEBUG com.joliciel.talismane.tokeniser.Tokeniser - Token sequence 1
13:11:12.546 [main] DEBUG com.joliciel.talismane.tokeniser.Tokeniser - Atomic sequence: Sequence: Les|SEPARATE|0| prob=1,0000 |SEPARATE|1| prob=1,0000trois|SEPARATE|1| prob=1,0000 |SEPARATE|2| prob=1,0000petits|SEPARATE|2| prob=1,0000 |SEPARATE|3| prob=1,0000loups|SEPARATE|3| prob=1,0000 |SEPARATE|4| prob=1,0000et|SEPARATE|4| prob=1,0000 |SEPARATE|5| prob=1,0000le|SEPARATE|5| prob=1,0000 |SEPARATE|6| prob=1,0000grand|SEPARATE|6| prob=1,0000 |SEPARATE|7| prob=1,0000méchant|SEPARATE|7| prob=1,0000 |SEPARATE|8| prob=1,0000cochon|SEPARATE|8| prob=1,0000
13:11:12.546 [main] DEBUG com.joliciel.talismane.tokeniser.Tokeniser - Resulting sequence: |Les| |trois| |petits| |loups| |et| |le| |grand| |méchant| |cochon|
13:11:12.573 [main] DEBUG com.joliciel.talismane.posTagger.ForwardStatisticalPosTagger - ####Final postag sequences:
13:11:12.573 [main] DEBUG com.joliciel.talismane.posTagger.ForwardStatisticalPosTagger - Sequence 1, score=0,7788
13:11:12.573 [main] DEBUG com.joliciel.talismane.posTagger.ForwardStatisticalPosTagger - Sequence: Sequence: les|DET|0, trois|ADJ|1, petits|ADJ|2, loups|NC|3, et|CC|4, le|DET|5, grand|ADJ|6, méchant|NC|7, cochon|NC|8, 
13:11:12.574 [main] DEBUG com.joliciel.talismane.parser.TransitionBasedParser - Adding initial posTagSequence: Sequence: [ROOT]|root|0, les|DET|1, trois|ADJ|2, petits|ADJ|3, loups|NC|4, et|CC|5, le|DET|6, grand|ADJ|7, méchant|NC|8, cochon|NC|9, 
13:11:12.684 [main] DEBUG com.joliciel.talismane.parser.TransitionBasedParser - 0,3915: Stack[...,et|CC|5,méchant|NC|8,cochon|NC|9]. Buffer[] Deps[Dep[loups|NC|4,det,les|DET|1],Dep[loups|NC|4,mod,trois|ADJ|2],Dep[loups|NC|4,mod,petits|ADJ|3],Dep[loups|NC|4,coord,et|CC|5],Dep[méchant|NC|8,det,le|DET|6],Dep[méchant|NC|8,mod,grand|ADJ|7],Dep[et|CC|5,dep_coord,méchant|NC|8],Dep[méchant|NC|8,mod,cochon|NC|9],]
13:11:12.684 [main] DEBUG com.joliciel.talismane.parser.TransitionBasedParser - Pos tag sequence: Sequence: [ROOT]|root|0, les|DET|1, trois|ADJ|2, petits|ADJ|3, loups|NC|4, et|CC|5, le|DET|6, grand|ADJ|7, méchant|NC|8, cochon|NC|9, 
13:11:12.684 [main] DEBUG com.joliciel.talismane.parser.TransitionBasedParser - Transitions: [Shift, Shift, Shift, LeftArc[mod], LeftArc[mod], LeftArc[det], Shift, RightArc[coord], Shift, Shift, LeftArc[mod], LeftArc[det], RightArc[dep_coord], RightArc[mod]]
13:11:12.684 [main] DEBUG com.joliciel.talismane.parser.TransitionBasedParser - Decisions: [Decision [Shift,0,3555], Decision [Shift,0,3544], Decision [Shift,0,4949], Decision [LeftArc[mod],0,5996], Decision [LeftArc[mod],0,8266], Decision [LeftArc[det],0,6889], Decision [Shift,0,4160], Decision [RightArc[coord],0,2143], Decision [Shift,0,6621], Decision [Shift,0,5280], Decision [LeftArc[mod],0,6170], Decision [LeftArc[det],0,6155], Decision [RightArc[dep_coord],0,5487], Decision [RightArc[mod],0,4766]]
13:11:12.690 [main] DEBUG com.joliciel.talismane.Talismane - Total time for Talismane.process(): 1814
13:11:12.690 [main] DEBUG com.joliciel.talismane.TalismaneMain - Total time for Talismane.process(): 10138
