

../corpus/miniCorpus/FR/miniCorpus01-FR.xml
	
	Loup, où es-tu ?
	Le loup est dans la bergerie.


../corpus/miniCorpus/FR/miniCorpus02-FR.xml
	
	Une jolie famille
	Le loup et les trois petits cochons


../corpus/miniCorpus/FR/miniCorpus03-FR.xml
	
	La bergerie
	Les moutons sont dans la bergerie.


../corpus/miniCorpus/FR/miniCorpus04-FR.xml
	
	Spider-Cochon
	Spider Cochon, Spider Cochon, il peut marcher au plafond.


../corpus/miniCorpus/FR/miniCorpus05-FR.xml
	
	À table !
	Un loup a mangé un mouton, les autres loups sont restés dans la bergerie.


../corpus/miniCorpus/FR/miniCorpus06-FR.xml
	
	Où sont les moutons ?
	Il y a trois moutons dans le pré, et un mouton dans la gueule du loup.


../corpus/miniCorpus/FR/miniCorpus07-FR.xml
	
	Chez le boucher
	Le cochon est à 12 le Kg, le mouton à 10 €/Kg


../corpus/miniCorpus/FR/miniCorpus08-FR.xml
	
	Quelle famille !
	Les trois petits loups et le grand méchant cochon
